
#################################################
# ASITIC ver (Linux_Intel) Grackle INPUT LOG File
# Generated on Sat Apr  2 14:53:30 2022
#################################################

SQ NAME=A:LEN=170:W=10:S=3:N=4.75:METAL=M3:EXIT=M2:XORG=200:YORG=200
pix
help
help Graphics
export
help Optim
Q A 1
[AG
Q A 1G
clear
clc
help
help Edit
erase
delete
delete A
SP NAME=X:RADIUS=100:SIDES=32:W=8:S=3:N=5:METAL=M3:XORG=150:YORG=150
pix
pix X
delete X
SYMSQ NAME=C:LEN=150:W=10:S=3:ILEN=13:N=5:METAL=M3:XORG=200:YORG
delete C
SYMSQ NAME=A:LEN=150:W=10:S=3:ILEN=13:N=5:METAL=M3:XORG=200:YORG=200
pix
help pix
pix !
pix A 1
delete A
SYMSQ NAME=A:LEN=150:W=15:S=2:ILEN=13:N=5:METAL=M3:XORG=200:YORG=200
SYMSQ NAME=A:LEN=150:W=15:S=2:ILEN=13:N=5:METAL=M3:XORG=200:YORG=200
SYMSQ NAME=A:LEN=150:W=15:S=2:ILEN=10:N=5:METAL=M3:XORG=200:YORG=200
SYMSQ NAME=A:LEN=150:W=15:S=2:ILEN=13:N=4:METAL=M3:XORG=200:YORG=200
pix A 1
delete A
SYMSQ NAME=A:LEN=150:W=5:S=2:ILEN=13:N=10:METAL=M3:XORG=200:YORG=200
pix A 1
pix
pix
help pix
delete A
SYMPOLY NAME=A:RAD=200:W=19:S=21:ILEN=41:N=4:METAL=M3:METAL2=M2:XORG=256:YORG=256
pix
pi A 1
Pi2 A 1
Pi3 A 1
2Port A 1 S
pix
#################################################
# ASITIC ver (Linux_Intel) Grackle INPUT LOG File
# Generated on Sat Apr  2 15:48:32 2022
#################################################

exit
#################################################
# ASITIC ver (Linux_Intel) Grackle INPUT LOG File
# Generated on Sat Apr  2 15:53:03 2022
#################################################

SQ NAME=A LEN=300 W=10 S=0.8 N=7 XORG=200 YORG=200 METAL=2 EXIT=1
pix a 1
pix A 1
delete A
SQ NAME=A LEN=300 W=10 S=2 N=10 XORG=200 YORG=200 METAL=2 EXIT=1
pix A 1
SQ NAME=A LEN=400 W=10 S=2 N=10 XORG=200 YORG=200 METAL=2 EXIT=1
delete A
SQ NAME=A LEN=400 W=10 S=2 N=10 XORG=200 YORG=200 METAL=2 EXIT=1
delete
delete A
SQ NAME=A LEN=400 W=10 S=2 N=10 XORG=0 YORG=0 METAL=2 EXIT=1
pix A 1
delete a
delete A
help delete

exit
#################################################
# ASITIC ver (Linux_Intel) Grackle INPUT LOG File
# Generated on Sat Apr  2 17:42:46 2022
#################################################

SYMSQ NAME=A LEN=150 W=10 S=3 N=7 METAL=2 XORG=0 YORG=0
SYMSQ NAME=A LEN=150 W=10 S=3 N=5 METAL=2 XORG=0 YORG=0
pix A 1
delete A
SYMSQ NAME=A LEN=150 W=5 S=3 N=5 METAL=2 XORG=0 YORG=0
pix A 1
SYMSQ NAME=A LEN=150 W=5 S=3 N=5 METAL=2 XORG=0 YORG=0
SYMSQ NAME=A LEN=150 W=5 S=3 N=7 METAL=2 XORG=0 YORG=0
delete A
SYMSQ NAME=A LEN=150 W=5 S=3 N=7 METAL=2 XORG=0 YORG=0
pix A 1
SYMSQ NAME=A LEN=150 W=5 S=1 N=7 METAL=2 XORG=0 YORG=0
delete A
SYMSQ NAME=A LEN=150 W=5 S=1 N=7 METAL=2 XORG=0 YORG=0
pix A 1
delete A\
delete A
SYMSQ NAME=A LEN=150 W=5 S=1 N=10 METAL=2 XORG=0 YORG=0
pix A 1
delete A
SYMSQ NAME=A LEN=50 W=5 S=0.8 N=10 METAL=2 XORG=0 YORG=0
SYMSQ NAME=A LEN=50 W=1 S=0.8 N=10 METAL=2 XORG=0 YORG=0
pix A 1
delete A
SYMSQ NAME=A LEN=100 W=1 S=0.8 N=10 METAL=2 XORG=0 YORG=0
pix A 1
delete A
SYMSQ NAME=A LEN=100 W=1 S=0.8 N=20 METAL=2 XORG=0 YORG=0
pix A 1
delete A
SYMSQ NAME=A LEN=100 W=1 S=0.8 N=10 METAL=2 XORG=0 YORG=0
pix A 1
delete A
SYMSQ NAME=A LEN=100 W=2 S=0.8 N=10 METAL=2 XORG=0 YORG=0
pix A
SYMSQ NAME=A LEN=100 W=2 S=1.5 N=10 METAL=2 XORG=0 YORG=0
delete A
SYMSQ NAME=A LEN=100 W=2 S=1.5 N=10 METAL=2 XORG=0 YORG=0
pix A
SYMSQ NAME=A LEN=100 W=1 S=0.8 N=10 METAL=2 XORG=0 YORG=0
delete A
SYMSQ NAME=A LEN=100 W=1 S=0.8 N=10 METAL=2 XORG=0 YORG=0
pix A 1
SYMSQ NAME=A LEN=100 W=1 S=0.8 N=20 METAL=2 XORG=0 YORG=0
delete A 
SYMSQ NAME=A LEN=100 W=1 S=0.8 N=20 METAL=2 XORG=0 YORG=0
pix A 1
delete A
SYMSQ NAME=A LEN=150 W=1 S=0.8 N=20 METAL=2 XORG=0 YORG=0
pix A 1
delete A
SYMSQ NAME=A LEN=150 W=5 S=0.8 N=20 METAL=2 XORG=0 YORG=0
delete A
SYMSQ NAME=A LEN=150 W=5 S=0.8 N=5 METAL=2 XORG=0 YORG=0
pix A 1
delete A
SQMM NAME=A:LEN=150:W=8:S=2:N=5:METAL=3:EXIT=1:XORG=0:YORG=0
SQMM NAME=A:LEN=150:W=8:S=2:N=5:METAL=2:EXIT=1:XORG=0:YORG=0
pix A 1
delete A
SQMM NAME=A:LEN=400:W=8:S=2:N=5:METAL=2:EXIT=1:XORG=0:YORG=0
pix A
pix A 1
delete A
SQMM NAME=A:LEN=400:W=8:S=2:N=5:METAL=2:EXIT=1:XORG=0:YORG=0
pix A 1
delete A
SQMM NAME=A:LEN=200:W=8:S=2:N=5:METAL=2:EXIT=1:XORG=0:YORG=0
pix A 1
delete A
SQMM NAME=A:LEN=200:W=1:S=0.8:N=5:METAL=2:EXIT=1:XORG=0:YORG=0
pix A 1
delete A
SYMPOLY NAME=A:RAD=100:W=10:S=4:ILEN=14:N=5:METAL=2:XORG=200:YORG=200
pix A 1
delete A
SYMPOLY NAME=A:RAD=100:W=10:S=0.8:ILEN=14:N=5:METAL=2:XORG=200:YORG=200
pix A 1
delete A
SYMPOLY NAME=A:RAD=100:W=5:S=0.8:ILEN=14:N=5:METAL=2:XORG=200:YORG=200
pix A 1
delete A
SYMPOLY NAME=A:RAD=100:W=5:S=0.8:N=10:METAL=2:XORG=200:YORG=200
pix A
delete A
SYMPOLY NAME=A:RAD=100:W=1:S=0.8:N=10:METAL=2:XORG=200:YORG=200
pix A 1
delete A
SYMPOLY NAME=A:RAD=100:W=1:S=1:N=10:METAL=2:XORG=200:YORG=200
pix A 1
delete A
SYMPOLY NAME=A:RAD=100:W=1:S=3:N=10:METAL=2:XORG=200:YORG=200
pix A 1
delete A
SYMPOLY NAME=A:RAD=100:W=2:S=3:N=10:METAL=2:XORG=200:YORG=200
pix A 1
delete A
SYMPOLY NAME=A:RAD=100:W=0.8:S=4:N=10:METAL=2:XORG=200:YORG=200
pix A 1
delete A
SYMPOLY NAME=A:RAD=200:W=0.8:S=4:N=10:METAL=2:XORG=200:YORG=200
pix A 1
delete A
SYMPOLY NAME=A:RAD=200:W=0.8:S=4:N=10:METAL=2:XORG=250:YORG=250
pix A 1
delete A
SYMPOLY NAME=A:RAD=100:W=0.8:S=3:N=10:METAL=2:XORG=200:YORG=200
pix A 1
delete A
SYMPOLY NAME=A:RAD=100:W=0.8:S=3:N=5:METAL=2:XORG=200:YORG=200
pix A 1
SYMPOLY NAME=A:RAD=100:W=0.8:S=3:N=5:METAL=1:XORG=200:YORG=200
delete A
SYMPOLY NAME=A:RAD=100:W=0.8:S=3:N=5:METAL=1:XORG=200:YORG=200
pix A 1
delete A
SYMPOLY NAME=A:RAD=100:W=0.8:S=0.8:N=5:METAL=1:XORG=200:YORG=200
pix A 1
delete A
SYMPOLY NAME=A:RAD=100:W=0.8:S=0.8:N=100:METAL=1:XORG=200:YORG=200
SYMPOLY NAME=A:RAD=100:W=0.8:S=0.8:N=61:METAL=1:XORG=200:YORG=200
pix A 1
delete A

SYMPOLY NAME=A:RAD=100:W=0.8:S=0.8:N=61:METAL=2:XORG=200:YORG=200
pix A 1
delete A
SYMSQ NAME=A:LEN=210:W=4:S=0.5:N=8:METAL=2:XORG=200:YORG=200
pix A 1
delete A

SYMSQ NAME=A:LEN=210:W=4:S=0.5:N=7:METAL=2:XORG=200:YORG=200
pix A 1
delete A
SYMSQ NAME=A:LEN=210:W=3.5:S=0.5:N=8:METAL=2:XORG=200:YORG=200
pix A 1
SYMSQ NAME=A:LEN=210:W=5:S=0.5:N=8:METAL=2:XORG=200:YORG=200
delete A
SYMSQ NAME=A:LEN=210:W=5:S=0.5:N=8:METAL=2:XORG=200:YORG=200
pix A 1
delete A
SYMSQ NAME=A:LEN=210:W=5.5:S=0.5:N=8:METAL=2:XORG=200:YORG=200
pix A 1
delete A
SYMSQ NAME=A:LEN=210:W=6:S=0.5:N=8:METAL=2:XORG=200:YORG=200
pix A 1
delete A
SYMSQ NAME=A:LEN=210:W=6:S=0.5:N=9:METAL=2:XORG=200:YORG=200
pix A 1
delete A
SYMSQ NAME=A:LEN=210:W=6:S=0.5:N=10:METAL=2:XORG=200:YORG=200
pix A 1
SYMSQ NAME=A:LEN=210:W=4:S=0.5:N=8:METAL=2:XORG=200:YORG=200
delete A
SYMSQ NAME=A:LEN=210:W=4:S=0.5:N=8:METAL=2:XORG=200:YORG=200
pix A 1
delete A
SYMSQ NAME=A:LEN=210:W=4:S=0.8:N=8:METAL=2:XORG=200:YORG=200
pix A 1
delete A
SYMSQ NAME=A:LEN=210:W=5:S=0.8:N=8:METAL=2:XORG=200:YORG=200
pix A 1
delete A
SYMSQ NAME=A:LEN=300:W=4:S=0.8:N=8:METAL=2:XORG=200:YORG=200
pix A 1
delete A
SYMSQ NAME=A:LEN=210:W=4:S=0.8:N=8:METAL=2:XORG=200:YORG=200
pix A 1
delete 
delete A
SYMSQ NAME=A:LEN=210:W=4.5:S=0.8:N=8:METAL=2:XORG=200:YORG=200
pix A 1
delete A 
SYMSQ NAME=A:LEN=210:W=4.1:S=0.8:N=8:METAL=2:XORG=200:YORG=200
pix A 12
#################################################
# ASITIC ver (Linux_Intel) Grackle INPUT LOG File
# Generated on Sat Apr  2 18:43:13 2022
#################################################

SYMSQ NAME=A:LEN=210:W=4.1:S=0.8:N=8:METAL=2:XORG=200:YORG=200
pix A 1
delete A
SYMSQ NAME=A:LEN=210:W=4:S=0.5:N=8:METAL=2:XORG=200:YORG=200
pix A 1
delete A
SYMSQ NAME=A:LEN=210:W=4:S=0.1:N=8:METAL=2:XORG=200:YORG=200
pix A 1
delete A
SYMSQ NAME=A:LEN=200:W=4:S=0.5:N=8:METAL=2:XORG=200:YORG=200
pix A 1
delete A
SYMSQ NAME=A:LEN=190:W=4:S=0.5:N=8:METAL=2:XORG=200:YORG=200
pix A 1
delete A
SYMSQ NAME=A:LEN=190:W=4:S=0.5:N=7:METAL=2:XORG=200:YORG=200
pix A 1
delete A
SYMSQ NAME=A:LEN=200:W=4:S=0.5:N=7:METAL=2:XORG=200:YORG=200
pix A 1
delete A
SYMSQ NAME=A:LEN=200:W=4.1:S=0.5:N=7:METAL=2:XORG=200:YORG=200
pix A 1
delete A
SYMSQ NAME=A:LEN=200:W=3.9:S=0.5:N=7:METAL=2:XORG=200:YORG=200
pix A 1
delete A
SYMSQ NAME=A:LEN=200:W=3.9:S=0.5:N=8:METAL=2:XORG=200:YORG=200
pix A 1
delete A
SYMSQ NAME=A:LEN=200:W=3.5:S=0.5:N=8:METAL=2:XORG=200:YORG=200
pix A 1
delete A
SYMSQ NAME=A:LEN=200:W=3:S=0.5:N=8:METAL=2:XORG=200:YORG=200
pix A 1
delete A 
SYMSQ NAME=A:LEN=200:W=5:S=0.5:N=8:METAL=2:XORG=200:YORG=200
pix A 1
delete A 1
delete A
SYMSQ NAME=A:LEN=200:W=5:S=1:N=8:METAL=2:XORG=200:YORG=200
pix A 1
delete A
SYMSQ NAME=A:LEN=200:W=4:S=0.5:N=8:METAL=2:XORG=200:YORG=200
pix A 1
delete A
SYMSQ NAME=A:LEN=199:W=4:S=0.5:N=8:METAL=2:XORG=200:YORG=200
pix A 1
delete A
SYMSQ NAME=A:LEN=198:W=4:S=0.5:N=8:METAL=2:XORG=200:YORG=200
pix A 1
delete A
SYMSQ NAME=A:LEN=195:W=4:S=0.5:N=8:METAL=2:XORG=200:YORG=200
pix A 1
delete A
SYMSQ NAME=A:LEN=185:W=4:S=0.5:N=8:METAL=2:XORG=200:YORG=200
pix A 1
delete A
SYMSQ NAME=A:LEN=180:W=4:S=0.5:N=8:METAL=2:XORG=200:YORG=200
pix A
delete 
delete A
SYMSQ NAME=A:LEN=180:W=3.9:S=0.5:N=8:METAL=2:XORG=200:YORG=200
pix A 1
delete A
SYMSQ NAME=A:LEN=180:W=3.9:S=0.5:N=8:METAL=2:XORG=0:YORG=0
delete A
SYMSQ NAME=A:LEN=180:W=3.9:S=0.5:N=10:METAL=2:XORG=0:YORG=0
pix A 1
SYMSQ NAME=A:LEN=180:W=3.9:S=0.5:N=20:METAL=2:XORG=0:YORG=0
delete A
SYMSQ NAME=A:LEN=180:W=3.9:S=0.5:N=20:METAL=2:XORG=0:YORG=0
pix A 1
delete A
SYMSQ NAME=A:LEN=180:W=3.9:S=0.5:N=15:METAL=2:XORG=0:YORG=0
pix A 1
exit
#################################################
# ASITIC ver (Linux_Intel) Grackle INPUT LOG File
# Generated on Sat Apr  2 18:54:04 2022
#################################################

SYMSQ NAME=A:LEN=180:W=3.9:S=0.5:N=8:METAL=2:XORG=0:YORG=0

exit
#################################################
# ASITIC ver (Linux_Intel) Grackle INPUT LOG File
# Generated on Sat Apr  2 18:54:14 2022
#################################################

SYMSQ NAME=A:LEN=180:W=3.9:S=0.5:N=8:METAL=2:XORG=0:YORG=0
pix A 1
pix A 1
#################################################
# ASITIC ver (Linux_Intel) Grackle INPUT LOG File
# Generated on Sat Apr  2 18:55:00 2022
#################################################

SYMSQ NAME=A:LEN=180:W=3.9:S=0.5:N=8:METAL=2:XORG=0:YORG=0